Unity Editor version:    2020.3.36f1 (71f96b79b9f0)
Branch:                  master
Build type:              Release
Batch mode:              YES
System name:             Linux
Distro version:          #71-Ubuntu SMP Tue Jul 13 15:59:12 UTC 2021
Kernel version:          5.8.0-63-generic
Architecture:            x86_64
Available memory:        15916 MB
Using pre-set license
Pro License: NO
Desktop is 1280 x 1024 @ 60 Hz

COMMAND LINE ARGUMENTS:
Unity
-adb2
-batchMode
-noUpm
-name
AssetImportWorker0
-projectPath
/home/antenovis/Belgeler/GitHub/turrets/turrets
-logFile
Logs/AssetImportWorker0.log
-srvPort
42363
Successfully changed project path to: /home/antenovis/Belgeler/GitHub/turrets/turrets
/home/antenovis/Belgeler/GitHub/turrets/turrets
Using Asset Import Pipeline V2.
Refreshing native plugins compatible for Editor in 39,17 ms, found 0 plugins.
Preloading 0 native plugins for Editor in 0,00 ms.
Initialize engine version: 2020.3.36f1 (71f96b79b9f0)
[Subsystems] Discovering subsystems at path /home/antenovis/Belgeler/2020.3.36f1/Editor/Data/Resources/UnitySubsystems
[Subsystems] Discovering subsystems at path /home/antenovis/Belgeler/GitHub/turrets/turrets/Assets
GLX Extensions: GLX_ARB_create_context GLX_ARB_create_context_no_error GLX_ARB_create_context_profile GLX_ARB_create_context_robustness GLX_ARB_fbconfig_float GLX_ARB_framebuffer_sRGB GLX_ARB_get_proc_address GLX_ARB_multisample GLX_EXT_buffer_age GLX_EXT_create_context_es2_profile GLX_EXT_create_context_es_profile GLX_EXT_fbconfig_packed_float GLX_EXT_framebuffer_sRGB GLX_EXT_import_context GLX_EXT_texture_from_pixmap GLX_EXT_visual_info GLX_EXT_visual_rating GLX_INTEL_swap_event GLX_MESA_copy_sub_buffer GLX_MESA_query_renderer GLX_MESA_swap_control GLX_OML_swap_method GLX_OML_sync_control GLX_SGIS_multisample GLX_SGIX_fbconfig GLX_SGIX_pbuffer GLX_SGIX_visual_select_group GLX_SGI_make_current_read GLX_SGI_swap_control GLX_SGI_video_sync 
Renderer: AMD OLAND (DRM 2.50.0, 5.8.0-63-generic, LLVM 11.0.0)
Vendor:   X.Org
Version:  4.5 (Core Profile) Mesa 20.2.6
GLES:     0
 GL_AMD_conservative_depth GL_AMD_depth_clamp_separate GL_AMD_draw_buffers_blend GL_AMD_gpu_shader_int64 GL_AMD_multi_draw_indirect GL_AMD_performance_monitor GL_AMD_pinned_memory GL_AMD_query_buffer_object GL_AMD_seamless_cubemap_per_texture GL_AMD_shader_stencil_export GL_AMD_shader_trinary_minmax GL_AMD_texture_texture4 GL_AMD_vertex_shader_layer GL_AMD_vertex_shader_viewport_index GL_ANGLE_texture_compression_dxt3 GL_ANGLE_texture_compression_dxt5 GL_ARB_ES2_compatibility GL_ARB_ES3_1_compatibility GL_ARB_ES3_2_compatibility GL_ARB_ES3_compatibility GL_ARB_arrays_of_arrays GL_ARB_base_instance GL_ARB_bindless_texture GL_ARB_blend_func_extended GL_ARB_buffer_storage GL_ARB_clear_buffer_object GL_ARB_clear_texture GL_ARB_clip_control GL_ARB_color_buffer_float GL_ARB_compressed_texture_pixel_storage GL_ARB_compute_shader GL_ARB_compute_variable_group_size GL_ARB_conditional_render_inverted GL_ARB_conservative_depth GL_ARB_copy_buffer GL_ARB_copy_image GL_ARB_cull_distance GL_ARB_debug_output GL_ARB_depth_bu
ffer_float GL_ARB_depth_clamp GL_ARB_derivative_control GL_ARB_direct_state_access GL_ARB_draw_buffers GL_ARB_draw_buffers_blend GL_ARB_draw_elements_base_vertex GL_ARB_draw_indirect GL_ARB_draw_instanced GL_ARB_enhanced_layouts GL_ARB_explicit_attrib_location GL_ARB_explicit_uniform_location GL_ARB_fragment_coord_conventions GL_ARB_fragment_layer_viewport GL_ARB_fragment_shader GL_ARB_framebuffer_no_attachments GL_ARB_framebuffer_object GL_ARB_framebuffer_sRGB GL_ARB_get_program_binary GL_ARB_get_texture_sub_image GL_ARB_gl_spirv GL_ARB_gpu_shader5 GL_ARB_gpu_shader_fp64 GL_ARB_gpu_shader_int64 GL_ARB_half_float_pixel GL_ARB_half_float_vertex GL_ARB_instanced_arrays GL_ARB_internalformat_query GL_ARB_internalformat_query2 GL_ARB_invalidate_subdata GL_ARB_map_buffer_alignment GL_ARB_map_buffer_range GL_ARB_multi_bind GL_ARB_multi_draw_indirect GL_ARB_occlusion_query2 GL_ARB_parallel_shader_compile GL_ARB_pipeline_statistics_query GL_ARB_pixel_buffer_object GL_ARB_point_sprite GL_ARB_polygon_offset_clamp GL_A
RB_program_interface_query GL_ARB_provoking_vertex GL_ARB_query_buffer_object GL_ARB_robust_buffer_access_behavior GL_ARB_robustness GL_ARB_sample_shading GL_ARB_sampler_objects GL_ARB_seamless_cube_map GL_ARB_seamless_cubemap_per_texture GL_ARB_separate_shader_objects GL_ARB_shader_atomic_counter_ops GL_ARB_shader_atomic_counters GL_ARB_shader_ballot GL_ARB_shader_bit_encoding GL_ARB_shader_clock GL_ARB_shader_group_vote GL_ARB_shader_image_load_store GL_ARB_shader_image_size GL_ARB_shader_objects GL_ARB_shader_precision GL_ARB_shader_stencil_export GL_ARB_shader_storage_buffer_object GL_ARB_shader_subroutine GL_ARB_shader_texture_image_samples GL_ARB_shader_texture_lod GL_ARB_shader_viewport_layer_array GL_ARB_shading_language_420pack GL_ARB_shading_language_include GL_ARB_shading_language_packing GL_ARB_spirv_extensions GL_ARB_stencil_texturing GL_ARB_sync GL_ARB_tessellation_shader GL_ARB_texture_barrier GL_ARB_texture_buffer_object GL_ARB_texture_buffer_object_rgb32 GL_ARB_texture_buffer_range GL_ARB_te
xture_compression_bptc GL_ARB_texture_compression_rgtc GL_ARB_texture_cube_map_array GL_ARB_texture_filter_anisotropic GL_ARB_texture_float GL_ARB_texture_gather GL_ARB_texture_mirror_clamp_to_edge GL_ARB_texture_multisample GL_ARB_texture_non_power_of_two GL_ARB_texture_query_levels GL_ARB_texture_query_lod GL_ARB_texture_rectangle GL_ARB_texture_rg GL_ARB_texture_rgb10_a2ui GL_ARB_texture_stencil8 GL_ARB_texture_storage GL_ARB_texture_storage_multisample GL_ARB_texture_swizzle GL_ARB_texture_view GL_ARB_timer_query GL_ARB_transform_feedback2 GL_ARB_transform_feedback3 GL_ARB_transform_feedback_instanced GL_ARB_transform_feedback_overflow_query GL_ARB_uniform_buffer_object GL_ARB_vertex_array_bgra GL_ARB_vertex_array_object GL_ARB_vertex_attrib_64bit GL_ARB_vertex_attrib_binding GL_ARB_vertex_buffer_object GL_ARB_vertex_shader GL_ARB_vertex_type_10f_11f_11f_rev GL_ARB_vertex_type_2_10_10_10_rev GL_ARB_viewport_array GL_ATI_blend_equation_separate GL_ATI_meminfo GL_ATI_texture_float GL_ATI_texture_mirror_onc
e GL_EXT_EGL_image_storage GL_EXT_EGL_sync GL_EXT_abgr GL_EXT_blend_equation_separate GL_EXT_depth_bounds_test GL_EXT_draw_buffers2 GL_EXT_draw_instanced GL_EXT_framebuffer_blit GL_EXT_framebuffer_multisample GL_EXT_framebuffer_multisample_blit_scaled GL_EXT_framebuffer_object GL_EXT_framebuffer_sRGB GL_EXT_memory_object GL_EXT_memory_object_fd GL_EXT_packed_depth_stencil GL_EXT_packed_float GL_EXT_pixel_buffer_object GL_EXT_polygon_offset_clamp GL_EXT_provoking_vertex GL_EXT_shader_image_load_formatted GL_EXT_shader_image_load_store GL_EXT_shader_integer_mix GL_EXT_shader_samples_identical GL_EXT_texture_array GL_EXT_texture_compression_dxt1 GL_EXT_texture_compression_rgtc GL_EXT_texture_compression_s3tc GL_EXT_texture_filter_anisotropic GL_EXT_texture_integer GL_EXT_texture_mirror_clamp GL_EXT_texture_sRGB GL_EXT_texture_sRGB_R8 GL_EXT_texture_sRGB_decode GL_EXT_texture_shadow_lod GL_EXT_texture_shared_exponent GL_EXT_texture_snorm GL_EXT_texture_swizzle GL_EXT_timer_query GL_EXT_transform_feedback GL_EXT_
vertex_array_bgra GL_EXT_vertex_attrib_64bit GL_EXT_window_rectangles GL_IBM_multimode_draw_arrays GL_KHR_blend_equation_advanced GL_KHR_context_flush_control GL_KHR_debug GL_KHR_no_error GL_KHR_parallel_shader_compile GL_KHR_robust_buffer_access_behavior GL_KHR_robustness GL_KHR_texture_compression_astc_ldr GL_KHR_texture_compression_astc_sliced_3d GL_MESA_framebuffer_flip_y GL_MESA_pack_invert GL_MESA_shader_integer_functions GL_MESA_texture_signed_rgba GL_NVX_gpu_memory_info GL_NV_alpha_to_coverage_dither_control GL_NV_conditional_render GL_NV_copy_image GL_NV_depth_clamp GL_NV_packed_depth_stencil GL_NV_texture_barrier GL_NV_vdpau_interop GL_OES_EGL_image GL_S3_s3tc
OPENGL LOG: Creating OpenGL 4.5 graphics device ; Context level  <OpenGL 4.5> ; Context handle 736107568
Initialize mono
Mono path[0] = '/home/antenovis/Belgeler/2020.3.36f1/Editor/Data/Managed'
Mono path[1] = '/home/antenovis/Belgeler/2020.3.36f1/Editor/Data/MonoBleedingEdge/lib/mono/unityjit'
Mono config path = '/home/antenovis/Belgeler/2020.3.36f1/Editor/Data/MonoBleedingEdge/etc'
Using monoOptions --debugger-agent=transport=dt_socket,embedding=1,server=y,suspend=n,address=127.0.0.1:56768
Begin MonoManager ReloadAssembly
Registering precompiled unity dll's ...
Register platform support module: /home/antenovis/Belgeler/2020.3.36f1/Editor/Data/PlaybackEngines/LinuxStandaloneSupport/UnityEditor.LinuxStandalone.Extensions.dll
Registered in 0,000912 seconds.
Native extension for LinuxStandalone target not found
Refreshing native plugins compatible for Editor in 36,92 ms, found 0 plugins.
Preloading 0 native plugins for Editor in 0,00 ms.
Mono: successfully reloaded assembly
- Completed reload, in  0,522 seconds
Domain Reload Profiling:
	ReloadAssembly (522ms)
		BeginReloadAssembly (45ms)
			ExecutionOrderSort (0ms)
			DisableScriptedObjects (0ms)
			BackupInstance (0ms)
			ReleaseScriptingObjects (0ms)
			CreateAndSetChildDomain (1ms)
		EndReloadAssembly (415ms)
			LoadAssemblies (44ms)
			RebuildTransferFunctionScriptingTraits (0ms)
			SetupTypeCache (138ms)
			ReleaseScriptCaches (0ms)
			RebuildScriptCaches (30ms)
			SetupLoadedEditorAssemblies (166ms)
				LogAssemblyErrors (0ms)
				InitializePlatformSupportModulesInManaged (5ms)
				SetLoadedEditorAssemblies (0ms)
				RefreshPlugins (37ms)
				BeforeProcessingInitializeOnLoad (8ms)
				ProcessInitializeOnLoadAttributes (90ms)
				ProcessInitializeOnLoadMethodAttributes (26ms)
				AfterProcessingInitializeOnLoad (0ms)
				EditorAssembliesLoaded (0ms)
			ExecutionOrderSort2 (0ms)
			AwakeInstancesAfterBackupRestoration (0ms)
Platform modules already initialized, skipping
Registering precompiled user dll's ...
Registered in 0,001813 seconds.
Begin MonoManager ReloadAssembly
Native extension for LinuxStandalone target not found
Refreshing native plugins compatible for Editor in 35,98 ms, found 0 plugins.
Preloading 0 native plugins for Editor in 0,00 ms.
Mono: successfully reloaded assembly
- Completed reload, in  0,913 seconds
Domain Reload Profiling:
	ReloadAssembly (913ms)
		BeginReloadAssembly (122ms)
			ExecutionOrderSort (0ms)
			DisableScriptedObjects (4ms)
			BackupInstance (0ms)
			ReleaseScriptingObjects (0ms)
			CreateAndSetChildDomain (16ms)
		EndReloadAssembly (742ms)
			LoadAssemblies (71ms)
			RebuildTransferFunctionScriptingTraits (0ms)
			SetupTypeCache (248ms)
			ReleaseScriptCaches (0ms)
			RebuildScriptCaches (43ms)
			SetupLoadedEditorAssemblies (288ms)
				LogAssemblyErrors (0ms)
				InitializePlatformSupportModulesInManaged (3ms)
				SetLoadedEditorAssemblies (0ms)
				RefreshPlugins (36ms)
				BeforeProcessingInitializeOnLoad (50ms)
				ProcessInitializeOnLoadAttributes (183ms)
				ProcessInitializeOnLoadMethodAttributes (13ms)
				AfterProcessingInitializeOnLoad (3ms)
				EditorAssembliesLoaded (0ms)
			ExecutionOrderSort2 (0ms)
			AwakeInstancesAfterBackupRestoration (2ms)
Platform modules already initialized, skipping
========================================================================
Worker process is ready to serve import requests
Launched and connected shader compiler UnityShaderCompiler after 0.01 seconds
Refreshing native plugins compatible for Editor in 0,64 ms, found 0 plugins.
Preloading 0 native plugins for Editor in 0,00 ms.
Unloading 1778 Unused Serialized files (Serialized files now loaded: 0)
System memory in use before: 158,2 MB.
System memory in use after: 158,1 MB.

Unloading 41 unused Assets to reduce memory usage. Loaded Objects now: 2220.
Total: 4,339755 ms (FindLiveObjects: 0,215221 ms CreateObjectMapping: 0,105898 ms MarkObjects: 3,820091 ms  DeleteObjects: 0,197362 ms)

AssetImportParameters requested are different than current active one (requested -> active):
  custom:video-decoder-ogg-theora: a1e56fd34408186e4bbccfd4996cb3dc -> 
  custom:container-muxer-webm: aa71ff27fc2769a1b78a27578f13a17b -> 
  custom:container-demuxer-webm: 4f35f7cbe854078d1ac9338744f61a02 -> 
  custom:container-demuxer-ogg: 62fdf1f143b41e24485cea50d1cbac27 -> 
  custom:video-encoder-webm-vp8: eb34c28f22e8b96e1ab97ce403110664 -> 
  custom:video-decoder-webm-vp8: 9c59270c3fd7afecdb556c50c9e8de78 -> 
  custom:audio-decoder-ogg-vorbis: bf7c407c2cedff20999df2af8eb42d56 -> 
  custom:audio-encoder-webm-vorbis: bf7c407c2cedff20999df2af8eb42d56 -> 
========================================================================
Received Import Request.
  path: Assets/FarlandSkies/Skyboxes/CloudyCrown_02_Evening/Textures/CloudyCrown_Evening_Right.png
  artifactKey: Guid(f33d9e3a86071394c83b568257570dd5) Importer(815301076,1909f56bfc062723c751e8b465ee728b)
Start importing Assets/FarlandSkies/Skyboxes/CloudyCrown_02_Evening/Textures/CloudyCrown_Evening_Right.png using Guid(f33d9e3a86071394c83b568257570dd5) Importer(815301076,1909f56bfc062723c751e8b465ee728b)  -> (artifact id: '2fef42ee034c408d6cb5960ffb8cb4ff') in 0,072090 seconds 
========================================================================
Received Import Request.
  Time since last request: 0,000107 seconds.
  path: Assets/FarlandSkies
  artifactKey: Guid(74612554f72e2cf46a60080abb1073dd) Importer(815301076,1909f56bfc062723c751e8b465ee728b)
Start importing Assets/FarlandSkies using Guid(74612554f72e2cf46a60080abb1073dd) Importer(815301076,1909f56bfc062723c751e8b465ee728b)  -> (artifact id: '855a8a94e50a1967957f777c4067591b') in 0,000691 seconds 
========================================================================
Received Import Request.
  Time since last request: 0,000113 seconds.
  path: Assets/FarlandSkies/Skyboxes/CloudyCrown_02_Evening/Textures/CloudyCrown_Evening_Back.png
  artifactKey: Guid(87bee338d047997489ce40bc10f18466) Importer(815301076,1909f56bfc062723c751e8b465ee728b)
Start importing Assets/FarlandSkies/Skyboxes/CloudyCrown_02_Evening/Textures/CloudyCrown_Evening_Back.png using Guid(87bee338d047997489ce40bc10f18466) Importer(815301076,1909f56bfc062723c751e8b465ee728b)  -> (artifact id: '0d582d3ddc412b17acaccaf4c430056d') in 0,037451 seconds 
========================================================================
Received Import Request.
  Time since last request: 0,000146 seconds.
  path: Assets/FarlandSkies/Skyboxes/CloudyCrown_02_Evening/Textures/CloudyCrown_Evening_Front.png
  artifactKey: Guid(1333dafd22b43974091d9c55f2169cde) Importer(815301076,1909f56bfc062723c751e8b465ee728b)
Start importing Assets/FarlandSkies/Skyboxes/CloudyCrown_02_Evening/Textures/CloudyCrown_Evening_Front.png using Guid(1333dafd22b43974091d9c55f2169cde) Importer(815301076,1909f56bfc062723c751e8b465ee728b)  -> (artifact id: 'bbf08194d40585330b3d4e88428d670c') in 0,037111 seconds 
========================================================================
Received Import Request.
  Time since last request: 0,000129 seconds.
  path: Assets/FarlandSkies/Skyboxes/CloudyCrown_02_Evening/Textures/CloudyCrown_Evening_Down.png
  artifactKey: Guid(1fe26ef1655e3424b8a9a77e4ef0523d) Importer(815301076,1909f56bfc062723c751e8b465ee728b)
Start importing Assets/FarlandSkies/Skyboxes/CloudyCrown_02_Evening/Textures/CloudyCrown_Evening_Down.png using Guid(1fe26ef1655e3424b8a9a77e4ef0523d) Importer(815301076,1909f56bfc062723c751e8b465ee728b)  -> (artifact id: '2d5ca4ec7e7e716721c767ef33b8a664') in 0,038870 seconds 
========================================================================
Received Import Request.
  Time since last request: 0,000172 seconds.
  path: Assets/FarlandSkies/Skyboxes/CloudyCrown_02_Evening
  artifactKey: Guid(16d938f89ad8ac349a0d44a6124db315) Importer(815301076,1909f56bfc062723c751e8b465ee728b)
Start importing Assets/FarlandSkies/Skyboxes/CloudyCrown_02_Evening using Guid(16d938f89ad8ac349a0d44a6124db315) Importer(815301076,1909f56bfc062723c751e8b465ee728b)  -> (artifact id: 'b6ea0f463a61c41b06dad3b8b0f7e60c') in 0,000640 seconds 
========================================================================
Received Import Request.
  Time since last request: 0,000113 seconds.
  path: Assets/FarlandSkies/Skyboxes
  artifactKey: Guid(c130f5e5b12752b41a3ca95f11a49efd) Importer(815301076,1909f56bfc062723c751e8b465ee728b)
Start importing Assets/FarlandSkies/Skyboxes using Guid(c130f5e5b12752b41a3ca95f11a49efd) Importer(815301076,1909f56bfc062723c751e8b465ee728b)  -> (artifact id: 'b62c730d456f8737aa69659e3f53e300') in 0,000509 seconds 
========================================================================
Received Import Request.
  Time since last request: 0,000126 seconds.
  path: Assets/FarlandSkies/Skyboxes/CloudyCrown_02_Evening/Textures/CloudyCrown_Evening_Left.png
  artifactKey: Guid(90494e0797812be488f2fbe703461966) Importer(815301076,1909f56bfc062723c751e8b465ee728b)
Start importing Assets/FarlandSkies/Skyboxes/CloudyCrown_02_Evening/Textures/CloudyCrown_Evening_Left.png using Guid(90494e0797812be488f2fbe703461966) Importer(815301076,1909f56bfc062723c751e8b465ee728b)  -> (artifact id: 'b4c0ec3029496957c5cfee4dae62115e') in 0,038095 seconds 
========================================================================
Received Import Request.
  Time since last request: 0,000187 seconds.
  path: Assets/FarlandSkies/Skyboxes/CloudyCrown_02_Evening/Textures
  artifactKey: Guid(dcd58eaf0ccb0b34989c91dea6c629d0) Importer(815301076,1909f56bfc062723c751e8b465ee728b)
Start importing Assets/FarlandSkies/Skyboxes/CloudyCrown_02_Evening/Textures using Guid(dcd58eaf0ccb0b34989c91dea6c629d0) Importer(815301076,1909f56bfc062723c751e8b465ee728b)  -> (artifact id: '87594bfe86b0aa53817aa84501320bb9') in 0,000447 seconds 
========================================================================
Received Import Request.
  Time since last request: 0,000104 seconds.
  path: Assets/FarlandSkies/Skyboxes/CloudyCrown_02_Evening/Textures/CloudyCrown_Evening_Up.png
  artifactKey: Guid(3157d3aa6a8bd694e9cc4c05e3303c06) Importer(815301076,1909f56bfc062723c751e8b465ee728b)
Start importing Assets/FarlandSkies/Skyboxes/CloudyCrown_02_Evening/Textures/CloudyCrown_Evening_Up.png using Guid(3157d3aa6a8bd694e9cc4c05e3303c06) Importer(815301076,1909f56bfc062723c751e8b465ee728b)  -> (artifact id: '1f761d055c2a95ec04d02330d9d784b5') in 0,036512 seconds 
========================================================================
Received Import Request.
  Time since last request: 0,000133 seconds.
  path: Assets/FarlandSkies/Skyboxes/CloudyCrown_02_Evening/CloudyCrown_Evening.mat
  artifactKey: Guid(77715b8b6b248994891d3ccad1ad330b) Importer(815301076,1909f56bfc062723c751e8b465ee728b)
Start importing Assets/FarlandSkies/Skyboxes/CloudyCrown_02_Evening/CloudyCrown_Evening.mat using Guid(77715b8b6b248994891d3ccad1ad330b) Importer(815301076,1909f56bfc062723c751e8b465ee728b)  -> (artifact id: '961aee239c3f97dc99c5078f12cef366') in 0,418987 seconds 
========================================================================
Received Import Request.
  Time since last request: 8,882876 seconds.
  path: Assets/FarlandSkies/Skyboxes/CloudyCrown_03_Midnight
  artifactKey: Guid(9d429d9e182f0664f95c11b57a416b9a) Importer(815301076,1909f56bfc062723c751e8b465ee728b)
Start importing Assets/FarlandSkies/Skyboxes/CloudyCrown_03_Midnight using Guid(9d429d9e182f0664f95c11b57a416b9a) Importer(815301076,1909f56bfc062723c751e8b465ee728b)  -> (artifact id: 'b42767d7b7e3681fe793e676b3010974') in 0,001004 seconds 
========================================================================
Received Import Request.
  Time since last request: 0,031078 seconds.
  path: Assets/FarlandSkies/Skyboxes/CloudyCrown_03_Midnight/CloudyCrown_Midnight.mat
  artifactKey: Guid(ceb0a3ed2cb53a94fa21843cc958c52b) Importer(815301076,1909f56bfc062723c751e8b465ee728b)
Start importing Assets/FarlandSkies/Skyboxes/CloudyCrown_03_Midnight/CloudyCrown_Midnight.mat using Guid(ceb0a3ed2cb53a94fa21843cc958c52b) Importer(815301076,1909f56bfc062723c751e8b465ee728b)  -> (artifact id: 'bec2b015da75f2eeb2b0172a8bdf1a45') in 0,201949 seconds 
========================================================================
Received Import Request.
  Time since last request: 1,019300 seconds.
  path: Assets/FarlandSkies/Skyboxes/CloudyCrown_03_Midnight/Textures
  artifactKey: Guid(6a21a802690259e47b042501964a3104) Importer(815301076,1909f56bfc062723c751e8b465ee728b)
Start importing Assets/FarlandSkies/Skyboxes/CloudyCrown_03_Midnight/Textures using Guid(6a21a802690259e47b042501964a3104) Importer(815301076,1909f56bfc062723c751e8b465ee728b)  -> (artifact id: '5641cc182c74fadaa0091709de99ab5e') in 0,000701 seconds 
========================================================================
Received Import Request.
  Time since last request: 0,029606 seconds.
  path: Assets/FarlandSkies/Skyboxes/CloudyCrown_03_Midnight/Textures/CloudyCrown_Midnight_Back.png
  artifactKey: Guid(da973bcda49f771409235bfe5c155ce0) Importer(815301076,1909f56bfc062723c751e8b465ee728b)
Start importing Assets/FarlandSkies/Skyboxes/CloudyCrown_03_Midnight/Textures/CloudyCrown_Midnight_Back.png using Guid(da973bcda49f771409235bfe5c155ce0) Importer(815301076,1909f56bfc062723c751e8b465ee728b)  -> (artifact id: '6f4c98ab3228483c3aea34732ec3eabc') in 0,037188 seconds 
========================================================================
Received Import Request.
  Time since last request: 0,000156 seconds.
  path: Assets/FarlandSkies/Skyboxes/CloudyCrown_03_Midnight/Textures/CloudyCrown_Midnight_Right.png
  artifactKey: Guid(8c84ddb32342f7a409915f46705fcc5a) Importer(815301076,1909f56bfc062723c751e8b465ee728b)
Start importing Assets/FarlandSkies/Skyboxes/CloudyCrown_03_Midnight/Textures/CloudyCrown_Midnight_Right.png using Guid(8c84ddb32342f7a409915f46705fcc5a) Importer(815301076,1909f56bfc062723c751e8b465ee728b)  -> (artifact id: '8958557bf3e03c72fa2854bdd7be7b69') in 0,037210 seconds 
========================================================================
Received Import Request.
  Time since last request: 0,000106 seconds.
  path: Assets/FarlandSkies/Skyboxes/CloudyCrown_03_Midnight/Textures/CloudyCrown_Midnight_Up.png
  artifactKey: Guid(3af6f93d7b7b2b842ae6ac2a4e817fd4) Importer(815301076,1909f56bfc062723c751e8b465ee728b)
Start importing Assets/FarlandSkies/Skyboxes/CloudyCrown_03_Midnight/Textures/CloudyCrown_Midnight_Up.png using Guid(3af6f93d7b7b2b842ae6ac2a4e817fd4) Importer(815301076,1909f56bfc062723c751e8b465ee728b)  -> (artifact id: 'd2e8f84123ac841c2270ffef34246c00') in 0,038850 seconds 
========================================================================
Received Import Request.
  Time since last request: 0,000103 seconds.
  path: Assets/FarlandSkies/Skyboxes/CloudyCrown_03_Midnight/Textures/CloudyCrown_Midnight_Down.png
  artifactKey: Guid(c78764efdf38d934da9064e52fdd1357) Importer(815301076,1909f56bfc062723c751e8b465ee728b)
Start importing Assets/FarlandSkies/Skyboxes/CloudyCrown_03_Midnight/Textures/CloudyCrown_Midnight_Down.png using Guid(c78764efdf38d934da9064e52fdd1357) Importer(815301076,1909f56bfc062723c751e8b465ee728b)  -> (artifact id: '58d817ec69d0060301465876e0b0752e') in 0,036796 seconds 
========================================================================
Received Import Request.
  Time since last request: 0,000137 seconds.
  path: Assets/FarlandSkies/Skyboxes/CloudyCrown_03_Midnight/Textures/CloudyCrown_Midnight_Front.png
  artifactKey: Guid(6c2f5f53cf8256c42b90da9a536584c5) Importer(815301076,1909f56bfc062723c751e8b465ee728b)
Start importing Assets/FarlandSkies/Skyboxes/CloudyCrown_03_Midnight/Textures/CloudyCrown_Midnight_Front.png using Guid(6c2f5f53cf8256c42b90da9a536584c5) Importer(815301076,1909f56bfc062723c751e8b465ee728b)  -> (artifact id: '8a7520f6acde550ac065d3a9c7337622') in 0,036558 seconds 
========================================================================
Received Import Request.
  Time since last request: 0,000114 seconds.
  path: Assets/FarlandSkies/Skyboxes/CloudyCrown_03_Midnight/Textures/CloudyCrown_Midnight_Left.png
  artifactKey: Guid(d349eb2db22ec0746a14ade881ac087f) Importer(815301076,1909f56bfc062723c751e8b465ee728b)
Start importing Assets/FarlandSkies/Skyboxes/CloudyCrown_03_Midnight/Textures/CloudyCrown_Midnight_Left.png using Guid(d349eb2db22ec0746a14ade881ac087f) Importer(815301076,1909f56bfc062723c751e8b465ee728b)  -> (artifact id: '00639ee050b6f01283d1aaf3d4c35eb9') in 0,038507 seconds 
========================================================================
Received Prepare
Registering precompiled user dll's ...
Registered in 0,002146 seconds.
Begin MonoManager ReloadAssembly
Native extension for LinuxStandalone target not found
Refreshing native plugins compatible for Editor in 0,60 ms, found 0 plugins.
Preloading 0 native plugins for Editor in 0,00 ms.
Mono: successfully reloaded assembly
- Completed reload, in  0,842 seconds
Domain Reload Profiling:
	ReloadAssembly (842ms)
		BeginReloadAssembly (95ms)
			ExecutionOrderSort (0ms)
			DisableScriptedObjects (4ms)
			BackupInstance (0ms)
			ReleaseScriptingObjects (0ms)
			CreateAndSetChildDomain (32ms)
		EndReloadAssembly (695ms)
			LoadAssemblies (73ms)
			RebuildTransferFunctionScriptingTraits (0ms)
			SetupTypeCache (250ms)
			ReleaseScriptCaches (1ms)
			RebuildScriptCaches (38ms)
			SetupLoadedEditorAssemblies (250ms)
				LogAssemblyErrors (0ms)
				InitializePlatformSupportModulesInManaged (4ms)
				SetLoadedEditorAssemblies (0ms)
				RefreshPlugins (1ms)
				BeforeProcessingInitializeOnLoad (54ms)
				ProcessInitializeOnLoadAttributes (175ms)
				ProcessInitializeOnLoadMethodAttributes (13ms)
				AfterProcessingInitializeOnLoad (3ms)
				EditorAssembliesLoaded (0ms)
			ExecutionOrderSort2 (0ms)
			AwakeInstancesAfterBackupRestoration (2ms)
Platform modules already initialized, skipping
Switching build target platform(24) subTarget(0) extendedPlatform(0) -> platform(13) subTarget(537395200) extendedPlatform(0)
Refreshing native plugins compatible for Editor in 0,56 ms, found 0 plugins.
Preloading 0 native plugins for Editor in 0,00 ms.
Unloading 1761 Unused Serialized files (Serialized files now loaded: 0)
System memory in use before: 157,9 MB.
System memory in use after: 157,9 MB.

Unloading 36 unused Assets to reduce memory usage. Loaded Objects now: 2265.
Total: 4,019893 ms (FindLiveObjects: 0,236779 ms CreateObjectMapping: 0,069781 ms MarkObjects: 3,635086 ms  DeleteObjects: 0,077249 ms)

AssetImportParameters requested are different than current active one (requested -> active):
  custom:video-decoder-ogg-theora: a1e56fd34408186e4bbccfd4996cb3dc -> 
  custom:container-muxer-webm: aa71ff27fc2769a1b78a27578f13a17b -> 
  custom:container-demuxer-webm: 4f35f7cbe854078d1ac9338744f61a02 -> 
  custom:container-demuxer-ogg: 62fdf1f143b41e24485cea50d1cbac27 -> 
  custom:video-encoder-webm-vp8: eb34c28f22e8b96e1ab97ce403110664 -> 
  custom:video-decoder-webm-vp8: 9c59270c3fd7afecdb556c50c9e8de78 -> 
  custom:graphics/normal-map-encoding: 01000000000000000000000000000000 -> 02000000000000000000000000000000
  custom:audio-decoder-ogg-vorbis: bf7c407c2cedff20999df2af8eb42d56 -> 
  custom:audio-encoder-webm-vorbis: bf7c407c2cedff20999df2af8eb42d56 -> 
========================================================================
Received Import Request.
  Time since last request: 270,981632 seconds.
  path: Assets/FarlandSkies/Skyboxes/CloudyCrown_01_Midday
  artifactKey: Guid(52662b578ff18034aa89fddf59405d22) Importer(815301076,1909f56bfc062723c751e8b465ee728b)
Start importing Assets/FarlandSkies/Skyboxes/CloudyCrown_01_Midday using Guid(52662b578ff18034aa89fddf59405d22) Importer(815301076,1909f56bfc062723c751e8b465ee728b)  -> (artifact id: 'c6b41063c230dac68eb78cc2bb1e5de8') in 0,003435 seconds 
========================================================================
Received Import Request.
  Time since last request: 0,058282 seconds.
  path: Assets/FarlandSkies/Skyboxes/CloudyCrown_01_Midday/CloudyCrown_Midday.mat
  artifactKey: Guid(617d9be015db68348a623b01ea51a8c5) Importer(815301076,1909f56bfc062723c751e8b465ee728b)
Start importing Assets/FarlandSkies/Skyboxes/CloudyCrown_01_Midday/CloudyCrown_Midday.mat using Guid(617d9be015db68348a623b01ea51a8c5) Importer(815301076,1909f56bfc062723c751e8b465ee728b)  -> (artifact id: 'fa7c43ba8fb44797be2c12df24721f86') in 0,389652 seconds 
========================================================================
Received Prepare
Registering precompiled user dll's ...
Registered in 0,001884 seconds.
Begin MonoManager ReloadAssembly
Native extension for LinuxStandalone target not found
Refreshing native plugins compatible for Editor in 0,56 ms, found 0 plugins.
Preloading 0 native plugins for Editor in 0,00 ms.
Mono: successfully reloaded assembly
- Completed reload, in  0,813 seconds
Domain Reload Profiling:
	ReloadAssembly (813ms)
		BeginReloadAssembly (83ms)
			ExecutionOrderSort (0ms)
			DisableScriptedObjects (3ms)
			BackupInstance (0ms)
			ReleaseScriptingObjects (0ms)
			CreateAndSetChildDomain (26ms)
		EndReloadAssembly (677ms)
			LoadAssemblies (69ms)
			RebuildTransferFunctionScriptingTraits (0ms)
			SetupTypeCache (243ms)
			ReleaseScriptCaches (1ms)
			RebuildScriptCaches (37ms)
			SetupLoadedEditorAssemblies (241ms)
				LogAssemblyErrors (0ms)
				InitializePlatformSupportModulesInManaged (4ms)
				SetLoadedEditorAssemblies (1ms)
				RefreshPlugins (1ms)
				BeforeProcessingInitializeOnLoad (52ms)
				ProcessInitializeOnLoadAttributes (169ms)
				ProcessInitializeOnLoadMethodAttributes (13ms)
				AfterProcessingInitializeOnLoad (3ms)
				EditorAssembliesLoaded (0ms)
			ExecutionOrderSort2 (0ms)
			AwakeInstancesAfterBackupRestoration (2ms)
Platform modules already initialized, skipping
Switching build target platform(24) subTarget(0) extendedPlatform(0) -> platform(13) subTarget(537395200) extendedPlatform(0)
Refreshing native plugins compatible for Editor in 0,50 ms, found 0 plugins.
Preloading 0 native plugins for Editor in 0,00 ms.
Unloading 1761 Unused Serialized files (Serialized files now loaded: 0)
System memory in use before: 158,0 MB.
System memory in use after: 157,9 MB.

Unloading 36 unused Assets to reduce memory usage. Loaded Objects now: 2269.
Total: 4,144946 ms (FindLiveObjects: 0,163707 ms CreateObjectMapping: 0,049751 ms MarkObjects: 3,841056 ms  DeleteObjects: 0,089276 ms)

AssetImportParameters requested are different than current active one (requested -> active):
  custom:video-decoder-ogg-theora: a1e56fd34408186e4bbccfd4996cb3dc -> 
  custom:container-muxer-webm: aa71ff27fc2769a1b78a27578f13a17b -> 
  custom:container-demuxer-webm: 4f35f7cbe854078d1ac9338744f61a02 -> 
  custom:container-demuxer-ogg: 62fdf1f143b41e24485cea50d1cbac27 -> 
  custom:video-encoder-webm-vp8: eb34c28f22e8b96e1ab97ce403110664 -> 
  custom:video-decoder-webm-vp8: 9c59270c3fd7afecdb556c50c9e8de78 -> 
  custom:graphics/normal-map-encoding: 01000000000000000000000000000000 -> 02000000000000000000000000000000
  custom:audio-decoder-ogg-vorbis: bf7c407c2cedff20999df2af8eb42d56 -> 
  custom:audio-encoder-webm-vorbis: bf7c407c2cedff20999df2af8eb42d56 -> 
========================================================================
Received Prepare
Registering precompiled user dll's ...
Registered in 0,001727 seconds.
Begin MonoManager ReloadAssembly
Native extension for LinuxStandalone target not found
Refreshing native plugins compatible for Editor in 0,53 ms, found 0 plugins.
Preloading 0 native plugins for Editor in 0,00 ms.
Mono: successfully reloaded assembly
- Completed reload, in  0,862 seconds
Domain Reload Profiling:
	ReloadAssembly (863ms)
		BeginReloadAssembly (91ms)
			ExecutionOrderSort (0ms)
			DisableScriptedObjects (4ms)
			BackupInstance (0ms)
			ReleaseScriptingObjects (0ms)
			CreateAndSetChildDomain (29ms)
		EndReloadAssembly (718ms)
			LoadAssemblies (73ms)
			RebuildTransferFunctionScriptingTraits (0ms)
			SetupTypeCache (249ms)
			ReleaseScriptCaches (1ms)
			RebuildScriptCaches (39ms)
			SetupLoadedEditorAssemblies (269ms)
				LogAssemblyErrors (0ms)
				InitializePlatformSupportModulesInManaged (4ms)
				SetLoadedEditorAssemblies (1ms)
				RefreshPlugins (1ms)
				BeforeProcessingInitializeOnLoad (55ms)
				ProcessInitializeOnLoadAttributes (191ms)
				ProcessInitializeOnLoadMethodAttributes (14ms)
				AfterProcessingInitializeOnLoad (3ms)
				EditorAssembliesLoaded (0ms)
			ExecutionOrderSort2 (0ms)
			AwakeInstancesAfterBackupRestoration (2ms)
Platform modules already initialized, skipping
Switching build target platform(24) subTarget(0) extendedPlatform(0) -> platform(13) subTarget(537395200) extendedPlatform(0)
Refreshing native plugins compatible for Editor in 0,90 ms, found 0 plugins.
Preloading 0 native plugins for Editor in 0,00 ms.
Unloading 1761 Unused Serialized files (Serialized files now loaded: 0)
System memory in use before: 158,0 MB.
System memory in use after: 157,9 MB.

Unloading 36 unused Assets to reduce memory usage. Loaded Objects now: 2272.
Total: 5,525259 ms (FindLiveObjects: 0,350539 ms CreateObjectMapping: 0,172472 ms MarkObjects: 4,844494 ms  DeleteObjects: 0,155851 ms)

AssetImportParameters requested are different than current active one (requested -> active):
  custom:video-decoder-ogg-theora: a1e56fd34408186e4bbccfd4996cb3dc -> 
  custom:container-muxer-webm: aa71ff27fc2769a1b78a27578f13a17b -> 
  custom:container-demuxer-webm: 4f35f7cbe854078d1ac9338744f61a02 -> 
  custom:container-demuxer-ogg: 62fdf1f143b41e24485cea50d1cbac27 -> 
  custom:video-encoder-webm-vp8: eb34c28f22e8b96e1ab97ce403110664 -> 
  custom:video-decoder-webm-vp8: 9c59270c3fd7afecdb556c50c9e8de78 -> 
  custom:graphics/normal-map-encoding: 01000000000000000000000000000000 -> 02000000000000000000000000000000
  custom:audio-decoder-ogg-vorbis: bf7c407c2cedff20999df2af8eb42d56 -> 
  custom:audio-encoder-webm-vorbis: bf7c407c2cedff20999df2af8eb42d56 -> 
========================================================================
Received Prepare
Registering precompiled user dll's ...
Registered in 0,001819 seconds.
Begin MonoManager ReloadAssembly
Native extension for LinuxStandalone target not found
Refreshing native plugins compatible for Editor in 0,52 ms, found 0 plugins.
Preloading 0 native plugins for Editor in 0,00 ms.
Mono: successfully reloaded assembly
- Completed reload, in  0,838 seconds
Domain Reload Profiling:
	ReloadAssembly (839ms)
		BeginReloadAssembly (87ms)
			ExecutionOrderSort (0ms)
			DisableScriptedObjects (4ms)
			BackupInstance (0ms)
			ReleaseScriptingObjects (0ms)
			CreateAndSetChildDomain (27ms)
		EndReloadAssembly (699ms)
			LoadAssemblies (72ms)
			RebuildTransferFunctionScriptingTraits (0ms)
			SetupTypeCache (249ms)
			ReleaseScriptCaches (1ms)
			RebuildScriptCaches (38ms)
			SetupLoadedEditorAssemblies (249ms)
				LogAssemblyErrors (0ms)
				InitializePlatformSupportModulesInManaged (4ms)
				SetLoadedEditorAssemblies (0ms)
				RefreshPlugins (1ms)
				BeforeProcessingInitializeOnLoad (54ms)
				ProcessInitializeOnLoadAttributes (174ms)
				ProcessInitializeOnLoadMethodAttributes (13ms)
				AfterProcessingInitializeOnLoad (3ms)
				EditorAssembliesLoaded (0ms)
			ExecutionOrderSort2 (0ms)
			AwakeInstancesAfterBackupRestoration (2ms)
Platform modules already initialized, skipping
Switching build target platform(24) subTarget(0) extendedPlatform(0) -> platform(13) subTarget(537395200) extendedPlatform(0)
Refreshing native plugins compatible for Editor in 0,51 ms, found 0 plugins.
Preloading 0 native plugins for Editor in 0,00 ms.
Unloading 1761 Unused Serialized files (Serialized files now loaded: 0)
System memory in use before: 158,0 MB.
System memory in use after: 158,0 MB.

Unloading 36 unused Assets to reduce memory usage. Loaded Objects now: 2275.
Total: 4,126409 ms (FindLiveObjects: 0,172316 ms CreateObjectMapping: 0,067094 ms MarkObjects: 3,791147 ms  DeleteObjects: 0,094911 ms)

AssetImportParameters requested are different than current active one (requested -> active):
  custom:video-decoder-ogg-theora: a1e56fd34408186e4bbccfd4996cb3dc -> 
  custom:container-muxer-webm: aa71ff27fc2769a1b78a27578f13a17b -> 
  custom:container-demuxer-webm: 4f35f7cbe854078d1ac9338744f61a02 -> 
  custom:container-demuxer-ogg: 62fdf1f143b41e24485cea50d1cbac27 -> 
  custom:video-encoder-webm-vp8: eb34c28f22e8b96e1ab97ce403110664 -> 
  custom:video-decoder-webm-vp8: 9c59270c3fd7afecdb556c50c9e8de78 -> 
  custom:graphics/normal-map-encoding: 01000000000000000000000000000000 -> 02000000000000000000000000000000
  custom:audio-decoder-ogg-vorbis: bf7c407c2cedff20999df2af8eb42d56 -> 
  custom:audio-encoder-webm-vorbis: bf7c407c2cedff20999df2af8eb42d56 -> 
========================================================================
Received Prepare
Registering precompiled user dll's ...
Registered in 0,001763 seconds.
Begin MonoManager ReloadAssembly
Native extension for LinuxStandalone target not found
Refreshing native plugins compatible for Editor in 0,59 ms, found 0 plugins.
Preloading 0 native plugins for Editor in 0,00 ms.
Mono: successfully reloaded assembly
- Completed reload, in  0,835 seconds
Domain Reload Profiling:
	ReloadAssembly (835ms)
		BeginReloadAssembly (86ms)
			ExecutionOrderSort (0ms)
			DisableScriptedObjects (4ms)
			BackupInstance (0ms)
			ReleaseScriptingObjects (0ms)
			CreateAndSetChildDomain (27ms)
		EndReloadAssembly (696ms)
			LoadAssemblies (71ms)
			RebuildTransferFunctionScriptingTraits (0ms)
			SetupTypeCache (245ms)
			ReleaseScriptCaches (1ms)
			RebuildScriptCaches (39ms)
			SetupLoadedEditorAssemblies (249ms)
				LogAssemblyErrors (0ms)
				InitializePlatformSupportModulesInManaged (4ms)
				SetLoadedEditorAssemblies (0ms)
				RefreshPlugins (1ms)
				BeforeProcessingInitializeOnLoad (54ms)
				ProcessInitializeOnLoadAttributes (174ms)
				ProcessInitializeOnLoadMethodAttributes (13ms)
				AfterProcessingInitializeOnLoad (3ms)
				EditorAssembliesLoaded (0ms)
			ExecutionOrderSort2 (0ms)
			AwakeInstancesAfterBackupRestoration (2ms)
Platform modules already initialized, skipping
Switching build target platform(24) subTarget(0) extendedPlatform(0) -> platform(13) subTarget(537395200) extendedPlatform(0)
Refreshing native plugins compatible for Editor in 0,53 ms, found 0 plugins.
Preloading 0 native plugins for Editor in 0,00 ms.
Unloading 1761 Unused Serialized files (Serialized files now loaded: 0)
System memory in use before: 158,0 MB.
System memory in use after: 158,0 MB.

Unloading 36 unused Assets to reduce memory usage. Loaded Objects now: 2278.
Total: 4,066403 ms (FindLiveObjects: 0,179437 ms CreateObjectMapping: 0,067044 ms MarkObjects: 3,719382 ms  DeleteObjects: 0,098963 ms)

AssetImportParameters requested are different than current active one (requested -> active):
  custom:video-decoder-ogg-theora: a1e56fd34408186e4bbccfd4996cb3dc -> 
  custom:container-muxer-webm: aa71ff27fc2769a1b78a27578f13a17b -> 
  custom:container-demuxer-webm: 4f35f7cbe854078d1ac9338744f61a02 -> 
  custom:container-demuxer-ogg: 62fdf1f143b41e24485cea50d1cbac27 -> 
  custom:video-encoder-webm-vp8: eb34c28f22e8b96e1ab97ce403110664 -> 
  custom:video-decoder-webm-vp8: 9c59270c3fd7afecdb556c50c9e8de78 -> 
  custom:graphics/normal-map-encoding: 01000000000000000000000000000000 -> 02000000000000000000000000000000
  custom:audio-decoder-ogg-vorbis: bf7c407c2cedff20999df2af8eb42d56 -> 
  custom:audio-encoder-webm-vorbis: bf7c407c2cedff20999df2af8eb42d56 -> 
========================================================================
Received Prepare
Registering precompiled user dll's ...
Registered in 0,002161 seconds.
Begin MonoManager ReloadAssembly
Native extension for LinuxStandalone target not found
Refreshing native plugins compatible for Editor in 0,56 ms, found 0 plugins.
Preloading 0 native plugins for Editor in 0,00 ms.
Mono: successfully reloaded assembly
- Completed reload, in  0,911 seconds
Domain Reload Profiling:
	ReloadAssembly (912ms)
		BeginReloadAssembly (94ms)
			ExecutionOrderSort (0ms)
			DisableScriptedObjects (4ms)
			BackupInstance (0ms)
			ReleaseScriptingObjects (0ms)
			CreateAndSetChildDomain (33ms)
		EndReloadAssembly (760ms)
			LoadAssemblies (76ms)
			RebuildTransferFunctionScriptingTraits (0ms)
			SetupTypeCache (275ms)
			ReleaseScriptCaches (1ms)
			RebuildScriptCaches (42ms)
			SetupLoadedEditorAssemblies (265ms)
				LogAssemblyErrors (0ms)
				InitializePlatformSupportModulesInManaged (5ms)
				SetLoadedEditorAssemblies (0ms)
				RefreshPlugins (1ms)
				BeforeProcessingInitializeOnLoad (56ms)
				ProcessInitializeOnLoadAttributes (186ms)
				ProcessInitializeOnLoadMethodAttributes (14ms)
				AfterProcessingInitializeOnLoad (3ms)
				EditorAssembliesLoaded (0ms)
			ExecutionOrderSort2 (0ms)
			AwakeInstancesAfterBackupRestoration (2ms)
Platform modules already initialized, skipping
Switching build target platform(24) subTarget(0) extendedPlatform(0) -> platform(13) subTarget(537395200) extendedPlatform(0)
Refreshing native plugins compatible for Editor in 0,49 ms, found 0 plugins.
Preloading 0 native plugins for Editor in 0,00 ms.
Unloading 1761 Unused Serialized files (Serialized files now loaded: 0)
System memory in use before: 158,0 MB.
System memory in use after: 158,0 MB.

Unloading 36 unused Assets to reduce memory usage. Loaded Objects now: 2281.
Total: 4,486094 ms (FindLiveObjects: 0,181293 ms CreateObjectMapping: 0,057422 ms MarkObjects: 4,144119 ms  DeleteObjects: 0,101958 ms)

AssetImportParameters requested are different than current active one (requested -> active):
  custom:video-decoder-ogg-theora: a1e56fd34408186e4bbccfd4996cb3dc -> 
  custom:container-muxer-webm: aa71ff27fc2769a1b78a27578f13a17b -> 
  custom:container-demuxer-webm: 4f35f7cbe854078d1ac9338744f61a02 -> 
  custom:container-demuxer-ogg: 62fdf1f143b41e24485cea50d1cbac27 -> 
  custom:video-encoder-webm-vp8: eb34c28f22e8b96e1ab97ce403110664 -> 
  custom:video-decoder-webm-vp8: 9c59270c3fd7afecdb556c50c9e8de78 -> 
  custom:graphics/normal-map-encoding: 01000000000000000000000000000000 -> 02000000000000000000000000000000
  custom:audio-decoder-ogg-vorbis: bf7c407c2cedff20999df2af8eb42d56 -> 
  custom:audio-encoder-webm-vorbis: bf7c407c2cedff20999df2af8eb42d56 -> 
========================================================================
Received Prepare
Registering precompiled user dll's ...
Registered in 0,001709 seconds.
Begin MonoManager ReloadAssembly
Native extension for LinuxStandalone target not found
Refreshing native plugins compatible for Editor in 0,60 ms, found 0 plugins.
Preloading 0 native plugins for Editor in 0,00 ms.
Mono: successfully reloaded assembly
- Completed reload, in  0,845 seconds
Domain Reload Profiling:
	ReloadAssembly (845ms)
		BeginReloadAssembly (88ms)
			ExecutionOrderSort (0ms)
			DisableScriptedObjects (4ms)
			BackupInstance (0ms)
			ReleaseScriptingObjects (0ms)
			CreateAndSetChildDomain (28ms)
		EndReloadAssembly (704ms)
			LoadAssemblies (75ms)
			RebuildTransferFunctionScriptingTraits (0ms)
			SetupTypeCache (248ms)
			ReleaseScriptCaches (1ms)
			RebuildScriptCaches (37ms)
			SetupLoadedEditorAssemblies (249ms)
				LogAssemblyErrors (0ms)
				InitializePlatformSupportModulesInManaged (4ms)
				SetLoadedEditorAssemblies (0ms)
				RefreshPlugins (1ms)
				BeforeProcessingInitializeOnLoad (52ms)
				ProcessInitializeOnLoadAttributes (175ms)
				ProcessInitializeOnLoadMethodAttributes (13ms)
				AfterProcessingInitializeOnLoad (3ms)
				EditorAssembliesLoaded (0ms)
			ExecutionOrderSort2 (0ms)
			AwakeInstancesAfterBackupRestoration (2ms)
Platform modules already initialized, skipping
Switching build target platform(24) subTarget(0) extendedPlatform(0) -> platform(13) subTarget(537395200) extendedPlatform(0)
Refreshing native plugins compatible for Editor in 0,51 ms, found 0 plugins.
Preloading 0 native plugins for Editor in 0,00 ms.
Unloading 1761 Unused Serialized files (Serialized files now loaded: 0)
System memory in use before: 158,0 MB.
System memory in use after: 158,0 MB.

Unloading 36 unused Assets to reduce memory usage. Loaded Objects now: 2284.
Total: 4,024028 ms (FindLiveObjects: 0,169606 ms CreateObjectMapping: 0,059058 ms MarkObjects: 3,693869 ms  DeleteObjects: 0,100629 ms)

AssetImportParameters requested are different than current active one (requested -> active):
  custom:video-decoder-ogg-theora: a1e56fd34408186e4bbccfd4996cb3dc -> 
  custom:container-muxer-webm: aa71ff27fc2769a1b78a27578f13a17b -> 
  custom:container-demuxer-webm: 4f35f7cbe854078d1ac9338744f61a02 -> 
  custom:container-demuxer-ogg: 62fdf1f143b41e24485cea50d1cbac27 -> 
  custom:video-encoder-webm-vp8: eb34c28f22e8b96e1ab97ce403110664 -> 
  custom:video-decoder-webm-vp8: 9c59270c3fd7afecdb556c50c9e8de78 -> 
  custom:graphics/normal-map-encoding: 01000000000000000000000000000000 -> 02000000000000000000000000000000
  custom:audio-decoder-ogg-vorbis: bf7c407c2cedff20999df2af8eb42d56 -> 
  custom:audio-encoder-webm-vorbis: bf7c407c2cedff20999df2af8eb42d56 -> 
========================================================================
Received Prepare
Registering precompiled user dll's ...
Registered in 0,002696 seconds.
Begin MonoManager ReloadAssembly
Native extension for LinuxStandalone target not found
Refreshing native plugins compatible for Editor in 0,50 ms, found 0 plugins.
Preloading 0 native plugins for Editor in 0,00 ms.
Mono: successfully reloaded assembly
- Completed reload, in  0,895 seconds
Domain Reload Profiling:
	ReloadAssembly (895ms)
		BeginReloadAssembly (98ms)
			ExecutionOrderSort (0ms)
			DisableScriptedObjects (4ms)
			BackupInstance (0ms)
			ReleaseScriptingObjects (0ms)
			CreateAndSetChildDomain (33ms)
		EndReloadAssembly (740ms)
			LoadAssemblies (77ms)
			RebuildTransferFunctionScriptingTraits (0ms)
			SetupTypeCache (275ms)
			ReleaseScriptCaches (1ms)
			RebuildScriptCaches (42ms)
			SetupLoadedEditorAssemblies (241ms)
				LogAssemblyErrors (0ms)
				InitializePlatformSupportModulesInManaged (4ms)
				SetLoadedEditorAssemblies (0ms)
				RefreshPlugins (1ms)
				BeforeProcessingInitializeOnLoad (52ms)
				ProcessInitializeOnLoadAttributes (169ms)
				ProcessInitializeOnLoadMethodAttributes (12ms)
				AfterProcessingInitializeOnLoad (3ms)
				EditorAssembliesLoaded (0ms)
			ExecutionOrderSort2 (0ms)
			AwakeInstancesAfterBackupRestoration (2ms)
Platform modules already initialized, skipping
Switching build target platform(24) subTarget(0) extendedPlatform(0) -> platform(13) subTarget(537395200) extendedPlatform(0)
Refreshing native plugins compatible for Editor in 0,50 ms, found 0 plugins.
Preloading 0 native plugins for Editor in 0,00 ms.
Unloading 1761 Unused Serialized files (Serialized files now loaded: 0)
System memory in use before: 158,0 MB.
System memory in use after: 158,0 MB.

Unloading 36 unused Assets to reduce memory usage. Loaded Objects now: 2287.
Total: 4,157735 ms (FindLiveObjects: 0,209790 ms CreateObjectMapping: 0,074766 ms MarkObjects: 3,747237 ms  DeleteObjects: 0,124439 ms)

AssetImportParameters requested are different than current active one (requested -> active):
  custom:video-decoder-ogg-theora: a1e56fd34408186e4bbccfd4996cb3dc -> 
  custom:container-muxer-webm: aa71ff27fc2769a1b78a27578f13a17b -> 
  custom:container-demuxer-webm: 4f35f7cbe854078d1ac9338744f61a02 -> 
  custom:container-demuxer-ogg: 62fdf1f143b41e24485cea50d1cbac27 -> 
  custom:video-encoder-webm-vp8: eb34c28f22e8b96e1ab97ce403110664 -> 
  custom:video-decoder-webm-vp8: 9c59270c3fd7afecdb556c50c9e8de78 -> 
  custom:graphics/normal-map-encoding: 01000000000000000000000000000000 -> 02000000000000000000000000000000
  custom:audio-decoder-ogg-vorbis: bf7c407c2cedff20999df2af8eb42d56 -> 
  custom:audio-encoder-webm-vorbis: bf7c407c2cedff20999df2af8eb42d56 -> 
========================================================================
Received Prepare
Registering precompiled user dll's ...
Registered in 0,001776 seconds.
Begin MonoManager ReloadAssembly
Native extension for LinuxStandalone target not found
Refreshing native plugins compatible for Editor in 0,57 ms, found 0 plugins.
Preloading 0 native plugins for Editor in 0,00 ms.
Mono: successfully reloaded assembly
- Completed reload, in  0,818 seconds
Domain Reload Profiling:
	ReloadAssembly (818ms)
		BeginReloadAssembly (82ms)
			ExecutionOrderSort (0ms)
			DisableScriptedObjects (4ms)
			BackupInstance (0ms)
			ReleaseScriptingObjects (0ms)
			CreateAndSetChildDomain (26ms)
		EndReloadAssembly (684ms)
			LoadAssemblies (67ms)
			RebuildTransferFunctionScriptingTraits (0ms)
			SetupTypeCache (239ms)
			ReleaseScriptCaches (1ms)
			RebuildScriptCaches (37ms)
			SetupLoadedEditorAssemblies (240ms)
				LogAssemblyErrors (0ms)
				InitializePlatformSupportModulesInManaged (4ms)
				SetLoadedEditorAssemblies (1ms)
				RefreshPlugins (1ms)
				BeforeProcessingInitializeOnLoad (53ms)
				ProcessInitializeOnLoadAttributes (167ms)
				ProcessInitializeOnLoadMethodAttributes (12ms)
				AfterProcessingInitializeOnLoad (3ms)
				EditorAssembliesLoaded (0ms)
			ExecutionOrderSort2 (0ms)
			AwakeInstancesAfterBackupRestoration (2ms)
Platform modules already initialized, skipping
Switching build target platform(24) subTarget(0) extendedPlatform(0) -> platform(13) subTarget(537395200) extendedPlatform(0)
Refreshing native plugins compatible for Editor in 0,52 ms, found 0 plugins.
Preloading 0 native plugins for Editor in 0,00 ms.
Unloading 1761 Unused Serialized files (Serialized files now loaded: 0)
System memory in use before: 158,0 MB.
System memory in use after: 158,0 MB.

Unloading 36 unused Assets to reduce memory usage. Loaded Objects now: 2290.
Total: 4,367942 ms (FindLiveObjects: 0,148227 ms CreateObjectMapping: 0,082780 ms MarkObjects: 4,016473 ms  DeleteObjects: 0,119495 ms)

AssetImportParameters requested are different than current active one (requested -> active):
  custom:video-decoder-ogg-theora: a1e56fd34408186e4bbccfd4996cb3dc -> 
  custom:container-muxer-webm: aa71ff27fc2769a1b78a27578f13a17b -> 
  custom:container-demuxer-webm: 4f35f7cbe854078d1ac9338744f61a02 -> 
  custom:container-demuxer-ogg: 62fdf1f143b41e24485cea50d1cbac27 -> 
  custom:video-encoder-webm-vp8: eb34c28f22e8b96e1ab97ce403110664 -> 
  custom:video-decoder-webm-vp8: 9c59270c3fd7afecdb556c50c9e8de78 -> 
  custom:graphics/normal-map-encoding: 01000000000000000000000000000000 -> 02000000000000000000000000000000
  custom:audio-decoder-ogg-vorbis: bf7c407c2cedff20999df2af8eb42d56 -> 
  custom:audio-encoder-webm-vorbis: bf7c407c2cedff20999df2af8eb42d56 -> 
========================================================================
Received Prepare
Registering precompiled user dll's ...
Registered in 0,002137 seconds.
Begin MonoManager ReloadAssembly
Native extension for LinuxStandalone target not found
Refreshing native plugins compatible for Editor in 0,72 ms, found 0 plugins.
Preloading 0 native plugins for Editor in 0,00 ms.
Mono: successfully reloaded assembly
- Completed reload, in  0,862 seconds
Domain Reload Profiling:
	ReloadAssembly (862ms)
		BeginReloadAssembly (89ms)
			ExecutionOrderSort (0ms)
			DisableScriptedObjects (5ms)
			BackupInstance (0ms)
			ReleaseScriptingObjects (0ms)
			CreateAndSetChildDomain (29ms)
		EndReloadAssembly (720ms)
			LoadAssemblies (72ms)
			RebuildTransferFunctionScriptingTraits (0ms)
			SetupTypeCache (251ms)
			ReleaseScriptCaches (1ms)
			RebuildScriptCaches (38ms)
			SetupLoadedEditorAssemblies (252ms)
				LogAssemblyErrors (0ms)
				InitializePlatformSupportModulesInManaged (4ms)
				SetLoadedEditorAssemblies (0ms)
				RefreshPlugins (1ms)
				BeforeProcessingInitializeOnLoad (54ms)
				ProcessInitializeOnLoadAttributes (176ms)
				ProcessInitializeOnLoadMethodAttributes (13ms)
				AfterProcessingInitializeOnLoad (3ms)
				EditorAssembliesLoaded (0ms)
			ExecutionOrderSort2 (0ms)
			AwakeInstancesAfterBackupRestoration (2ms)
Platform modules already initialized, skipping
Switching build target platform(24) subTarget(0) extendedPlatform(0) -> platform(13) subTarget(537395200) extendedPlatform(0)
Refreshing native plugins compatible for Editor in 0,51 ms, found 0 plugins.
Preloading 0 native plugins for Editor in 0,00 ms.
Unloading 1761 Unused Serialized files (Serialized files now loaded: 0)
System memory in use before: 158,0 MB.
System memory in use after: 158,0 MB.

Unloading 36 unused Assets to reduce memory usage. Loaded Objects now: 2293.
Total: 4,053238 ms (FindLiveObjects: 0,162510 ms CreateObjectMapping: 0,068534 ms MarkObjects: 3,721271 ms  DeleteObjects: 0,100001 ms)

AssetImportParameters requested are different than current active one (requested -> active):
  custom:video-decoder-ogg-theora: a1e56fd34408186e4bbccfd4996cb3dc -> 
  custom:container-muxer-webm: aa71ff27fc2769a1b78a27578f13a17b -> 
  custom:container-demuxer-webm: 4f35f7cbe854078d1ac9338744f61a02 -> 
  custom:container-demuxer-ogg: 62fdf1f143b41e24485cea50d1cbac27 -> 
  custom:video-encoder-webm-vp8: eb34c28f22e8b96e1ab97ce403110664 -> 
  custom:video-decoder-webm-vp8: 9c59270c3fd7afecdb556c50c9e8de78 -> 
  custom:graphics/normal-map-encoding: 01000000000000000000000000000000 -> 02000000000000000000000000000000
  custom:audio-decoder-ogg-vorbis: bf7c407c2cedff20999df2af8eb42d56 -> 
  custom:audio-encoder-webm-vorbis: bf7c407c2cedff20999df2af8eb42d56 -> 
========================================================================
Received Prepare
Registering precompiled user dll's ...
Registered in 0,002122 seconds.
Begin MonoManager ReloadAssembly
Native extension for LinuxStandalone target not found
Refreshing native plugins compatible for Editor in 0,55 ms, found 0 plugins.
Preloading 0 native plugins for Editor in 0,00 ms.
Mono: successfully reloaded assembly
- Completed reload, in  0,985 seconds
Domain Reload Profiling:
	ReloadAssembly (985ms)
		BeginReloadAssembly (100ms)
			ExecutionOrderSort (0ms)
			DisableScriptedObjects (4ms)
			BackupInstance (0ms)
			ReleaseScriptingObjects (0ms)
			CreateAndSetChildDomain (35ms)
		EndReloadAssembly (824ms)
			LoadAssemblies (81ms)
			RebuildTransferFunctionScriptingTraits (0ms)
			SetupTypeCache (288ms)
			ReleaseScriptCaches (1ms)
			RebuildScriptCaches (46ms)
			SetupLoadedEditorAssemblies (294ms)
				LogAssemblyErrors (0ms)
				InitializePlatformSupportModulesInManaged (5ms)
				SetLoadedEditorAssemblies (1ms)
				RefreshPlugins (1ms)
				BeforeProcessingInitializeOnLoad (73ms)
				ProcessInitializeOnLoadAttributes (198ms)
				ProcessInitializeOnLoadMethodAttributes (14ms)
				AfterProcessingInitializeOnLoad (3ms)
				EditorAssembliesLoaded (0ms)
			ExecutionOrderSort2 (0ms)
			AwakeInstancesAfterBackupRestoration (2ms)
Platform modules already initialized, skipping
Switching build target platform(24) subTarget(0) extendedPlatform(0) -> platform(13) subTarget(537395200) extendedPlatform(0)
Refreshing native plugins compatible for Editor in 0,53 ms, found 0 plugins.
Preloading 0 native plugins for Editor in 0,00 ms.
Unloading 1761 Unused Serialized files (Serialized files now loaded: 0)
System memory in use before: 158,0 MB.
System memory in use after: 158,0 MB.

Unloading 36 unused Assets to reduce memory usage. Loaded Objects now: 2296.
Total: 4,390788 ms (FindLiveObjects: 0,185363 ms CreateObjectMapping: 0,070259 ms MarkObjects: 4,004077 ms  DeleteObjects: 0,129834 ms)

AssetImportParameters requested are different than current active one (requested -> active):
  custom:video-decoder-ogg-theora: a1e56fd34408186e4bbccfd4996cb3dc -> 
  custom:container-muxer-webm: aa71ff27fc2769a1b78a27578f13a17b -> 
  custom:container-demuxer-webm: 4f35f7cbe854078d1ac9338744f61a02 -> 
  custom:container-demuxer-ogg: 62fdf1f143b41e24485cea50d1cbac27 -> 
  custom:video-encoder-webm-vp8: eb34c28f22e8b96e1ab97ce403110664 -> 
  custom:video-decoder-webm-vp8: 9c59270c3fd7afecdb556c50c9e8de78 -> 
  custom:graphics/normal-map-encoding: 01000000000000000000000000000000 -> 02000000000000000000000000000000
  custom:audio-decoder-ogg-vorbis: bf7c407c2cedff20999df2af8eb42d56 -> 
  custom:audio-encoder-webm-vorbis: bf7c407c2cedff20999df2af8eb42d56 -> 
========================================================================
Received Import Request.
  Time since last request: 887,988986 seconds.
  path: Assets/Materials/FinishCylinderMaterial.mat
  artifactKey: Guid(ad3a6ab0f776c3ed19e9aa8b9eb5568e) Importer(815301076,1909f56bfc062723c751e8b465ee728b)
Start importing Assets/Materials/FinishCylinderMaterial.mat using Guid(ad3a6ab0f776c3ed19e9aa8b9eb5568e) Importer(815301076,1909f56bfc062723c751e8b465ee728b)  -> (artifact id: '66f85c9e0dd70796eeb659f03583f3f9') in 0,045137 seconds 
========================================================================
Received Prepare
Registering precompiled user dll's ...
Registered in 0,001758 seconds.
Begin MonoManager ReloadAssembly
Native extension for LinuxStandalone target not found
Refreshing native plugins compatible for Editor in 0,52 ms, found 0 plugins.
Preloading 0 native plugins for Editor in 0,00 ms.
Mono: successfully reloaded assembly
- Completed reload, in  0,824 seconds
Domain Reload Profiling:
	ReloadAssembly (825ms)
		BeginReloadAssembly (85ms)
			ExecutionOrderSort (0ms)
			DisableScriptedObjects (4ms)
			BackupInstance (0ms)
			ReleaseScriptingObjects (0ms)
			CreateAndSetChildDomain (29ms)
		EndReloadAssembly (688ms)
			LoadAssemblies (67ms)
			RebuildTransferFunctionScriptingTraits (0ms)
			SetupTypeCache (235ms)
			ReleaseScriptCaches (1ms)
			RebuildScriptCaches (36ms)
			SetupLoadedEditorAssemblies (244ms)
				LogAssemblyErrors (0ms)
				InitializePlatformSupportModulesInManaged (5ms)
				SetLoadedEditorAssemblies (0ms)
				RefreshPlugins (1ms)
				BeforeProcessingInitializeOnLoad (53ms)
				ProcessInitializeOnLoadAttributes (170ms)
				ProcessInitializeOnLoadMethodAttributes (12ms)
				AfterProcessingInitializeOnLoad (3ms)
				EditorAssembliesLoaded (0ms)
			ExecutionOrderSort2 (0ms)
			AwakeInstancesAfterBackupRestoration (2ms)
Platform modules already initialized, skipping
Switching build target platform(24) subTarget(0) extendedPlatform(0) -> platform(13) subTarget(537395200) extendedPlatform(0)
Refreshing native plugins compatible for Editor in 0,50 ms, found 0 plugins.
Preloading 0 native plugins for Editor in 0,00 ms.
Unloading 1761 Unused Serialized files (Serialized files now loaded: 0)
System memory in use before: 158,1 MB.
System memory in use after: 158,1 MB.

Unloading 36 unused Assets to reduce memory usage. Loaded Objects now: 2300.
Total: 4,280656 ms (FindLiveObjects: 0,189307 ms CreateObjectMapping: 0,108463 ms MarkObjects: 3,881585 ms  DeleteObjects: 0,100105 ms)

AssetImportParameters requested are different than current active one (requested -> active):
  custom:video-decoder-ogg-theora: a1e56fd34408186e4bbccfd4996cb3dc -> 
  custom:container-muxer-webm: aa71ff27fc2769a1b78a27578f13a17b -> 
  custom:container-demuxer-webm: 4f35f7cbe854078d1ac9338744f61a02 -> 
  custom:container-demuxer-ogg: 62fdf1f143b41e24485cea50d1cbac27 -> 
  custom:video-encoder-webm-vp8: eb34c28f22e8b96e1ab97ce403110664 -> 
  custom:video-decoder-webm-vp8: 9c59270c3fd7afecdb556c50c9e8de78 -> 
  custom:graphics/normal-map-encoding: 01000000000000000000000000000000 -> 02000000000000000000000000000000
  custom:audio-decoder-ogg-vorbis: bf7c407c2cedff20999df2af8eb42d56 -> 
  custom:audio-encoder-webm-vorbis: bf7c407c2cedff20999df2af8eb42d56 -> 
========================================================================
Received Prepare
Registering precompiled user dll's ...
Registered in 0,001682 seconds.
Begin MonoManager ReloadAssembly
Native extension for LinuxStandalone target not found
Refreshing native plugins compatible for Editor in 0,60 ms, found 0 plugins.
Preloading 0 native plugins for Editor in 0,00 ms.
Mono: successfully reloaded assembly
- Completed reload, in  0,930 seconds
Domain Reload Profiling:
	ReloadAssembly (930ms)
		BeginReloadAssembly (91ms)
			ExecutionOrderSort (0ms)
			DisableScriptedObjects (4ms)
			BackupInstance (0ms)
			ReleaseScriptingObjects (0ms)
			CreateAndSetChildDomain (31ms)
		EndReloadAssembly (783ms)
			LoadAssemblies (73ms)
			RebuildTransferFunctionScriptingTraits (0ms)
			SetupTypeCache (275ms)
			ReleaseScriptCaches (1ms)
			RebuildScriptCaches (46ms)
			SetupLoadedEditorAssemblies (255ms)
				LogAssemblyErrors (0ms)
				InitializePlatformSupportModulesInManaged (4ms)
				SetLoadedEditorAssemblies (0ms)
				RefreshPlugins (1ms)
				BeforeProcessingInitializeOnLoad (55ms)
				ProcessInitializeOnLoadAttributes (178ms)
				ProcessInitializeOnLoadMethodAttributes (13ms)
				AfterProcessingInitializeOnLoad (3ms)
				EditorAssembliesLoaded (0ms)
			ExecutionOrderSort2 (0ms)
			AwakeInstancesAfterBackupRestoration (2ms)
Platform modules already initialized, skipping
Switching build target platform(24) subTarget(0) extendedPlatform(0) -> platform(13) subTarget(537395200) extendedPlatform(0)
Refreshing native plugins compatible for Editor in 0,67 ms, found 0 plugins.
Preloading 0 native plugins for Editor in 0,00 ms.
Unloading 1761 Unused Serialized files (Serialized files now loaded: 0)
System memory in use before: 158,1 MB.
System memory in use after: 158,1 MB.

Unloading 36 unused Assets to reduce memory usage. Loaded Objects now: 2303.
Total: 4,650780 ms (FindLiveObjects: 0,186640 ms CreateObjectMapping: 0,063289 ms MarkObjects: 4,276163 ms  DeleteObjects: 0,123351 ms)

AssetImportParameters requested are different than current active one (requested -> active):
  custom:video-decoder-ogg-theora: a1e56fd34408186e4bbccfd4996cb3dc -> 
  custom:container-muxer-webm: aa71ff27fc2769a1b78a27578f13a17b -> 
  custom:container-demuxer-webm: 4f35f7cbe854078d1ac9338744f61a02 -> 
  custom:container-demuxer-ogg: 62fdf1f143b41e24485cea50d1cbac27 -> 
  custom:video-encoder-webm-vp8: eb34c28f22e8b96e1ab97ce403110664 -> 
  custom:video-decoder-webm-vp8: 9c59270c3fd7afecdb556c50c9e8de78 -> 
  custom:graphics/normal-map-encoding: 01000000000000000000000000000000 -> 02000000000000000000000000000000
  custom:audio-decoder-ogg-vorbis: bf7c407c2cedff20999df2af8eb42d56 -> 
  custom:audio-encoder-webm-vorbis: bf7c407c2cedff20999df2af8eb42d56 -> 
